2024-07-18 08:19:45,194 [Worker-2: Loading available Gradle versions] INFO  o.e.b.c.i.u.g.PublishedGradleVersions - Gradle version information cache is up-to-date. Trying to read.
2024-07-18 10:38:07,459 [Worker-1: Loading available Gradle versions] INFO  o.e.b.c.i.u.g.PublishedGradleVersions - Gradle version information cache is up-to-date. Trying to read.
2024-07-18 10:38:53,893 [Worker-12: Launching mavenrun-f016c66c-88ad-428b-819a-fa85d8fb5924] INFO  o.eclipse.m2e.core.internal.Bundles - getClasspathEntries(Bundle=org.eclipse.m2e.maven.runtime_3.9.700.20240602-2313 [297])
2024-07-18 10:38:53,897 [Worker-12: Launching mavenrun-f016c66c-88ad-428b-819a-fa85d8fb5924] INFO  o.eclipse.m2e.core.internal.Bundles - 	Entry: C:\Users\91937\.p2\pool\plugins\org.eclipse.m2e.maven.runtime_3.9.700.20240602-2313
2024-07-18 10:38:53,898 [Worker-12: Launching mavenrun-f016c66c-88ad-428b-819a-fa85d8fb5924] INFO  o.eclipse.m2e.core.internal.Bundles - 	Entry: C:\Users\91937\.p2\pool\plugins\org.eclipse.m2e.maven.runtime_3.9.700.20240602-2313\jars\aopalliance-1.0.jar
2024-07-18 10:38:53,898 [Worker-12: Launching mavenrun-f016c66c-88ad-428b-819a-fa85d8fb5924] INFO  o.eclipse.m2e.core.internal.Bundles - 	Entry: C:\Users\91937\.p2\pool\plugins\org.eclipse.m2e.maven.runtime_3.9.700.20240602-2313\jars\guice-5.1.0.jar
2024-07-18 10:38:53,899 [Worker-12: Launching mavenrun-f016c66c-88ad-428b-819a-fa85d8fb5924] INFO  o.eclipse.m2e.core.internal.Bundles - 	Entry: C:\Users\91937\.p2\pool\plugins\org.eclipse.m2e.maven.runtime_3.9.700.20240602-2313\jars\httpclient-4.5.14.jar
2024-07-18 10:38:53,899 [Worker-12: Launching mavenrun-f016c66c-88ad-428b-819a-fa85d8fb5924] INFO  o.eclipse.m2e.core.internal.Bundles - 	Entry: C:\Users\91937\.p2\pool\plugins\org.eclipse.m2e.maven.runtime_3.9.700.20240602-2313\jars\httpcore-4.4.16.jar
2024-07-18 10:38:53,899 [Worker-12: Launching mavenrun-f016c66c-88ad-428b-819a-fa85d8fb5924] INFO  o.eclipse.m2e.core.internal.Bundles - 	Entry: C:\Users\91937\.p2\pool\plugins\org.eclipse.m2e.maven.runtime_3.9.700.20240602-2313\jars\jansi-2.4.1.jar
2024-07-18 10:38:53,899 [Worker-12: Launching mavenrun-f016c66c-88ad-428b-819a-fa85d8fb5924] INFO  o.eclipse.m2e.core.internal.Bundles - 	Entry: C:\Users\91937\.p2\pool\plugins\org.eclipse.m2e.maven.runtime_3.9.700.20240602-2313\jars\jcl-over-slf4j-1.7.36.jar
2024-07-18 10:38:53,900 [Worker-12: Launching mavenrun-f016c66c-88ad-428b-819a-fa85d8fb5924] INFO  o.eclipse.m2e.core.internal.Bundles - 	Entry: C:\Users\91937\.p2\pool\plugins\org.eclipse.m2e.maven.runtime_3.9.700.20240602-2313\jars\maven-artifact-3.9.7.jar
2024-07-18 10:38:53,900 [Worker-12: Launching mavenrun-f016c66c-88ad-428b-819a-fa85d8fb5924] INFO  o.eclipse.m2e.core.internal.Bundles - 	Entry: C:\Users\91937\.p2\pool\plugins\org.eclipse.m2e.maven.runtime_3.9.700.20240602-2313\jars\maven-builder-support-3.9.7.jar
2024-07-18 10:38:53,900 [Worker-12: Launching mavenrun-f016c66c-88ad-428b-819a-fa85d8fb5924] INFO  o.eclipse.m2e.core.internal.Bundles - 	Entry: C:\Users\91937\.p2\pool\plugins\org.eclipse.m2e.maven.runtime_3.9.700.20240602-2313\jars\maven-compat-3.9.7.jar
2024-07-18 10:38:53,901 [Worker-12: Launching mavenrun-f016c66c-88ad-428b-819a-fa85d8fb5924] INFO  o.eclipse.m2e.core.internal.Bundles - 	Entry: C:\Users\91937\.p2\pool\plugins\org.eclipse.m2e.maven.runtime_3.9.700.20240602-2313\jars\maven-core-3.9.7.jar
2024-07-18 10:38:53,901 [Worker-12: Launching mavenrun-f016c66c-88ad-428b-819a-fa85d8fb5924] INFO  o.eclipse.m2e.core.internal.Bundles - 	Entry: C:\Users\91937\.p2\pool\plugins\org.eclipse.m2e.maven.runtime_3.9.700.20240602-2313\jars\maven-embedder-3.9.7.jar
2024-07-18 10:38:53,901 [Worker-12: Launching mavenrun-f016c66c-88ad-428b-819a-fa85d8fb5924] INFO  o.eclipse.m2e.core.internal.Bundles - 	Entry: C:\Users\91937\.p2\pool\plugins\org.eclipse.m2e.maven.runtime_3.9.700.20240602-2313\jars\maven-model-3.9.7.jar
2024-07-18 10:38:53,902 [Worker-12: Launching mavenrun-f016c66c-88ad-428b-819a-fa85d8fb5924] INFO  o.eclipse.m2e.core.internal.Bundles - 	Entry: C:\Users\91937\.p2\pool\plugins\org.eclipse.m2e.maven.runtime_3.9.700.20240602-2313\jars\maven-model-builder-3.9.7.jar
2024-07-18 10:38:53,902 [Worker-12: Launching mavenrun-f016c66c-88ad-428b-819a-fa85d8fb5924] INFO  o.eclipse.m2e.core.internal.Bundles - 	Entry: C:\Users\91937\.p2\pool\plugins\org.eclipse.m2e.maven.runtime_3.9.700.20240602-2313\jars\maven-plugin-api-3.9.7.jar
2024-07-18 10:38:53,902 [Worker-12: Launching mavenrun-f016c66c-88ad-428b-819a-fa85d8fb5924] INFO  o.eclipse.m2e.core.internal.Bundles - 	Entry: C:\Users\91937\.p2\pool\plugins\org.eclipse.m2e.maven.runtime_3.9.700.20240602-2313\jars\maven-repository-metadata-3.9.7.jar
2024-07-18 10:38:53,903 [Worker-12: Launching mavenrun-f016c66c-88ad-428b-819a-fa85d8fb5924] INFO  o.eclipse.m2e.core.internal.Bundles - 	Entry: C:\Users\91937\.p2\pool\plugins\org.eclipse.m2e.maven.runtime_3.9.700.20240602-2313\jars\maven-resolver-api-1.9.20.jar
2024-07-18 10:38:53,903 [Worker-12: Launching mavenrun-f016c66c-88ad-428b-819a-fa85d8fb5924] INFO  o.eclipse.m2e.core.internal.Bundles - 	Entry: C:\Users\91937\.p2\pool\plugins\org.eclipse.m2e.maven.runtime_3.9.700.20240602-2313\jars\maven-resolver-connector-basic-1.9.20.jar
2024-07-18 10:38:53,903 [Worker-12: Launching mavenrun-f016c66c-88ad-428b-819a-fa85d8fb5924] INFO  o.eclipse.m2e.core.internal.Bundles - 	Entry: C:\Users\91937\.p2\pool\plugins\org.eclipse.m2e.maven.runtime_3.9.700.20240602-2313\jars\maven-resolver-impl-1.9.20.jar
2024-07-18 10:38:53,904 [Worker-12: Launching mavenrun-f016c66c-88ad-428b-819a-fa85d8fb5924] INFO  o.eclipse.m2e.core.internal.Bundles - 	Entry: C:\Users\91937\.p2\pool\plugins\org.eclipse.m2e.maven.runtime_3.9.700.20240602-2313\jars\maven-resolver-named-locks-1.9.20.jar
2024-07-18 10:38:53,904 [Worker-12: Launching mavenrun-f016c66c-88ad-428b-819a-fa85d8fb5924] INFO  o.eclipse.m2e.core.internal.Bundles - 	Entry: C:\Users\91937\.p2\pool\plugins\org.eclipse.m2e.maven.runtime_3.9.700.20240602-2313\jars\maven-resolver-provider-3.9.7.jar
2024-07-18 10:38:53,905 [Worker-12: Launching mavenrun-f016c66c-88ad-428b-819a-fa85d8fb5924] INFO  o.eclipse.m2e.core.internal.Bundles - 	Entry: C:\Users\91937\.p2\pool\plugins\org.eclipse.m2e.maven.runtime_3.9.700.20240602-2313\jars\maven-resolver-spi-1.9.20.jar
2024-07-18 10:38:53,905 [Worker-12: Launching mavenrun-f016c66c-88ad-428b-819a-fa85d8fb5924] INFO  o.eclipse.m2e.core.internal.Bundles - 	Entry: C:\Users\91937\.p2\pool\plugins\org.eclipse.m2e.maven.runtime_3.9.700.20240602-2313\jars\maven-resolver-transport-file-1.9.20.jar
2024-07-18 10:38:53,906 [Worker-12: Launching mavenrun-f016c66c-88ad-428b-819a-fa85d8fb5924] INFO  o.eclipse.m2e.core.internal.Bundles - 	Entry: C:\Users\91937\.p2\pool\plugins\org.eclipse.m2e.maven.runtime_3.9.700.20240602-2313\jars\maven-resolver-transport-http-1.9.20.jar
2024-07-18 10:38:53,906 [Worker-12: Launching mavenrun-f016c66c-88ad-428b-819a-fa85d8fb5924] INFO  o.eclipse.m2e.core.internal.Bundles - 	Entry: C:\Users\91937\.p2\pool\plugins\org.eclipse.m2e.maven.runtime_3.9.700.20240602-2313\jars\maven-resolver-transport-wagon-1.9.20.jar
2024-07-18 10:38:53,906 [Worker-12: Launching mavenrun-f016c66c-88ad-428b-819a-fa85d8fb5924] INFO  o.eclipse.m2e.core.internal.Bundles - 	Entry: C:\Users\91937\.p2\pool\plugins\org.eclipse.m2e.maven.runtime_3.9.700.20240602-2313\jars\maven-resolver-util-1.9.20.jar
2024-07-18 10:38:53,907 [Worker-12: Launching mavenrun-f016c66c-88ad-428b-819a-fa85d8fb5924] INFO  o.eclipse.m2e.core.internal.Bundles - 	Entry: C:\Users\91937\.p2\pool\plugins\org.eclipse.m2e.maven.runtime_3.9.700.20240602-2313\jars\maven-settings-3.9.7.jar
2024-07-18 10:38:53,907 [Worker-12: Launching mavenrun-f016c66c-88ad-428b-819a-fa85d8fb5924] INFO  o.eclipse.m2e.core.internal.Bundles - 	Entry: C:\Users\91937\.p2\pool\plugins\org.eclipse.m2e.maven.runtime_3.9.700.20240602-2313\jars\maven-settings-builder-3.9.7.jar
2024-07-18 10:38:53,908 [Worker-12: Launching mavenrun-f016c66c-88ad-428b-819a-fa85d8fb5924] INFO  o.eclipse.m2e.core.internal.Bundles - 	Entry: C:\Users\91937\.p2\pool\plugins\org.eclipse.m2e.maven.runtime_3.9.700.20240602-2313\jars\maven-shared-utils-3.4.2.jar
2024-07-18 10:38:53,908 [Worker-12: Launching mavenrun-f016c66c-88ad-428b-819a-fa85d8fb5924] INFO  o.eclipse.m2e.core.internal.Bundles - 	Entry: C:\Users\91937\.p2\pool\plugins\org.eclipse.m2e.maven.runtime_3.9.700.20240602-2313\jars\org.eclipse.sisu.inject-0.9.0.M2.jar
2024-07-18 10:38:53,909 [Worker-12: Launching mavenrun-f016c66c-88ad-428b-819a-fa85d8fb5924] INFO  o.eclipse.m2e.core.internal.Bundles - 	Entry: C:\Users\91937\.p2\pool\plugins\org.eclipse.m2e.maven.runtime_3.9.700.20240602-2313\jars\org.eclipse.sisu.plexus-0.9.0.M2.jar
2024-07-18 10:38:53,909 [Worker-12: Launching mavenrun-f016c66c-88ad-428b-819a-fa85d8fb5924] INFO  o.eclipse.m2e.core.internal.Bundles - 	Entry: C:\Users\91937\.p2\pool\plugins\org.eclipse.m2e.maven.runtime_3.9.700.20240602-2313\jars\plexus-build-api-0.0.7.jar
2024-07-18 10:38:53,910 [Worker-12: Launching mavenrun-f016c66c-88ad-428b-819a-fa85d8fb5924] INFO  o.eclipse.m2e.core.internal.Bundles - 	Entry: C:\Users\91937\.p2\pool\plugins\org.eclipse.m2e.maven.runtime_3.9.700.20240602-2313\jars\plexus-build-api-1.2.0.jar
2024-07-18 10:38:53,910 [Worker-12: Launching mavenrun-f016c66c-88ad-428b-819a-fa85d8fb5924] INFO  o.eclipse.m2e.core.internal.Bundles - 	Entry: C:\Users\91937\.p2\pool\plugins\org.eclipse.m2e.maven.runtime_3.9.700.20240602-2313\jars\plexus-cipher-2.0.jar
2024-07-18 10:38:53,910 [Worker-12: Launching mavenrun-f016c66c-88ad-428b-819a-fa85d8fb5924] INFO  o.eclipse.m2e.core.internal.Bundles - 	Entry: C:\Users\91937\.p2\pool\plugins\org.eclipse.m2e.maven.runtime_3.9.700.20240602-2313\jars\plexus-classworlds-2.8.0.jar
2024-07-18 10:38:53,911 [Worker-12: Launching mavenrun-f016c66c-88ad-428b-819a-fa85d8fb5924] INFO  o.eclipse.m2e.core.internal.Bundles - 	Entry: C:\Users\91937\.p2\pool\plugins\org.eclipse.m2e.maven.runtime_3.9.700.20240602-2313\jars\plexus-component-annotations-2.1.0.jar
2024-07-18 10:38:53,911 [Worker-12: Launching mavenrun-f016c66c-88ad-428b-819a-fa85d8fb5924] INFO  o.eclipse.m2e.core.internal.Bundles - 	Entry: C:\Users\91937\.p2\pool\plugins\org.eclipse.m2e.maven.runtime_3.9.700.20240602-2313\jars\plexus-interpolation-1.27.jar
2024-07-18 10:38:53,911 [Worker-12: Launching mavenrun-f016c66c-88ad-428b-819a-fa85d8fb5924] INFO  o.eclipse.m2e.core.internal.Bundles - 	Entry: C:\Users\91937\.p2\pool\plugins\org.eclipse.m2e.maven.runtime_3.9.700.20240602-2313\jars\plexus-sec-dispatcher-2.0.jar
2024-07-18 10:38:53,912 [Worker-12: Launching mavenrun-f016c66c-88ad-428b-819a-fa85d8fb5924] INFO  o.eclipse.m2e.core.internal.Bundles - 	Entry: C:\Users\91937\.p2\pool\plugins\org.eclipse.m2e.maven.runtime_3.9.700.20240602-2313\jars\plexus-utils-3.5.1.jar
2024-07-18 10:38:53,912 [Worker-12: Launching mavenrun-f016c66c-88ad-428b-819a-fa85d8fb5924] INFO  o.eclipse.m2e.core.internal.Bundles - 	Entry: C:\Users\91937\.p2\pool\plugins\org.eclipse.m2e.maven.runtime_3.9.700.20240602-2313\jars\wagon-file-3.5.3.jar
2024-07-18 10:38:53,913 [Worker-12: Launching mavenrun-f016c66c-88ad-428b-819a-fa85d8fb5924] INFO  o.eclipse.m2e.core.internal.Bundles - 	Entry: C:\Users\91937\.p2\pool\plugins\org.eclipse.m2e.maven.runtime_3.9.700.20240602-2313\jars\wagon-http-3.5.3.jar
2024-07-18 10:38:53,913 [Worker-12: Launching mavenrun-f016c66c-88ad-428b-819a-fa85d8fb5924] INFO  o.eclipse.m2e.core.internal.Bundles - 	Entry: C:\Users\91937\.p2\pool\plugins\org.eclipse.m2e.maven.runtime_3.9.700.20240602-2313\jars\wagon-http-shared-3.5.3.jar
2024-07-18 10:38:53,913 [Worker-12: Launching mavenrun-f016c66c-88ad-428b-819a-fa85d8fb5924] INFO  o.eclipse.m2e.core.internal.Bundles - 	Entry: C:\Users\91937\.p2\pool\plugins\org.eclipse.m2e.maven.runtime_3.9.700.20240602-2313\jars\wagon-provider-api-3.5.3.jar
2024-07-18 10:38:53,915 [Worker-12: Launching mavenrun-f016c66c-88ad-428b-819a-fa85d8fb5924] INFO  o.eclipse.m2e.core.internal.Bundles - getClasspathEntries(Bundle=com.google.guava_33.2.0.jre [10])
2024-07-18 10:38:53,916 [Worker-12: Launching mavenrun-f016c66c-88ad-428b-819a-fa85d8fb5924] INFO  o.eclipse.m2e.core.internal.Bundles - 	Entry: C:\Users\91937\.p2\pool\plugins\com.google.guava_33.2.0.jre.jar
2024-07-18 10:38:53,916 [Worker-12: Launching mavenrun-f016c66c-88ad-428b-819a-fa85d8fb5924] INFO  o.eclipse.m2e.core.internal.Bundles - getClasspathEntries(Bundle=slf4j.api_2.0.13 [518])
2024-07-18 10:38:53,916 [Worker-12: Launching mavenrun-f016c66c-88ad-428b-819a-fa85d8fb5924] INFO  o.eclipse.m2e.core.internal.Bundles - 	Entry: C:\Users\91937\.p2\pool\plugins\slf4j.api_2.0.13.jar
2024-07-18 10:38:53,917 [Worker-12: Launching mavenrun-f016c66c-88ad-428b-819a-fa85d8fb5924] INFO  o.eclipse.m2e.core.internal.Bundles - getClasspathEntries(Bundle=jakarta.inject.jakarta.inject-api_1.0.5 [21])
2024-07-18 10:38:53,917 [Worker-12: Launching mavenrun-f016c66c-88ad-428b-819a-fa85d8fb5924] INFO  o.eclipse.m2e.core.internal.Bundles - 	Entry: C:\Users\91937\.p2\pool\plugins\jakarta.inject.jakarta.inject-api_1.0.5.jar
2024-07-18 10:38:53,917 [Worker-12: Launching mavenrun-f016c66c-88ad-428b-819a-fa85d8fb5924] INFO  o.eclipse.m2e.core.internal.Bundles - getClasspathEntries(Bundle=javax.annotation_1.3.5.v20200909-1856 [24])
2024-07-18 10:38:53,918 [Worker-12: Launching mavenrun-f016c66c-88ad-428b-819a-fa85d8fb5924] INFO  o.eclipse.m2e.core.internal.Bundles - 	Entry: C:\Users\91937\.p2\pool\plugins\javax.annotation_1.3.5.v20200909-1856.jar
2024-07-18 10:38:53,919 [Worker-12: Launching mavenrun-f016c66c-88ad-428b-819a-fa85d8fb5924] INFO  o.eclipse.m2e.core.internal.Bundles - getClasspathEntries(Bundle=org.apache.commons.cli_1.8.0 [47])
2024-07-18 10:38:53,919 [Worker-12: Launching mavenrun-f016c66c-88ad-428b-819a-fa85d8fb5924] INFO  o.eclipse.m2e.core.internal.Bundles - 	Entry: C:\Users\91937\.p2\pool\plugins\org.apache.commons.cli_1.8.0.jar
2024-07-18 10:38:53,919 [Worker-12: Launching mavenrun-f016c66c-88ad-428b-819a-fa85d8fb5924] INFO  o.eclipse.m2e.core.internal.Bundles - getClasspathEntries(Bundle=org.apache.commons.commons-codec_1.16.0 [48])
2024-07-18 10:38:53,920 [Worker-12: Launching mavenrun-f016c66c-88ad-428b-819a-fa85d8fb5924] INFO  o.eclipse.m2e.core.internal.Bundles - 	Entry: C:\Users\91937\.p2\pool\plugins\org.apache.commons.commons-codec_1.16.0.jar
2024-07-18 10:38:53,920 [Worker-12: Launching mavenrun-f016c66c-88ad-428b-819a-fa85d8fb5924] INFO  o.eclipse.m2e.core.internal.Bundles - getClasspathEntries(Bundle=org.apache.commons.lang3_3.14.0 [54])
2024-07-18 10:38:53,921 [Worker-12: Launching mavenrun-f016c66c-88ad-428b-819a-fa85d8fb5924] INFO  o.eclipse.m2e.core.internal.Bundles - 	Entry: C:\Users\91937\.p2\pool\plugins\org.apache.commons.lang3_3.14.0.jar
2024-07-18 10:38:53,921 [Worker-12: Launching mavenrun-f016c66c-88ad-428b-819a-fa85d8fb5924] INFO  o.eclipse.m2e.core.internal.Bundles - getClasspathEntries(Bundle=com.google.guava.failureaccess_1.0.2 [11])
2024-07-18 10:38:53,922 [Worker-12: Launching mavenrun-f016c66c-88ad-428b-819a-fa85d8fb5924] INFO  o.eclipse.m2e.core.internal.Bundles - 	Entry: C:\Users\91937\.p2\pool\plugins\com.google.guava.failureaccess_1.0.2.jar
2024-07-18 10:38:53,929 [Worker-12: Launching mavenrun-f016c66c-88ad-428b-819a-fa85d8fb5924] INFO  o.e.m.i.launch.MavenLaunchDelegate - Run build in "C:\Users\91937\AppData\Local\Temp\m2e-archetypeGenerator17909526557918197027":
2024-07-18 10:38:53,934 [Worker-12: Launching mavenrun-f016c66c-88ad-428b-819a-fa85d8fb5924] INFO  o.e.m.i.launch.MavenLaunchDelegate -  mvn  -DarchetypeGroupId=org.apache.maven.archetypes -DarchetypeArtifactId=maven-archetype-quickstart -DarchetypeVersion=1.1 -DgroupId=com.cogmentoGiBash -DartifactId=cogmentoGiBash -Dversion=0.0.1-SNAPSHOT -Dpackage=com.cogmentoGiBash.cogmentoGiBash -DoutputDirectory=E:\cogmento -Dstyle.color=always -U archetype:generate
2024-07-18 10:39:10,624 [Worker-11: Creating maven-archetype-quickstart] INFO  o.e.m.c.i.p.ProjectConfigurationManager - Collecting project info '/pom.xml' E:\cogmento\cogmentoGiBash\pom.xml
2024-07-18 10:39:11,772 [Worker-11: Creating maven-archetype-quickstart] INFO  o.e.m.c.i.l.LifecycleMappingFactory - Using org.eclipse.m2e.jdt.JarLifecycleMapping lifecycle mapping for MavenProject: com.cogmentoGiBash:cogmentoGiBash:0.0.1-SNAPSHOT @ E:\cogmento\cogmentoGiBash\pom.xml.
2024-07-18 10:39:13,410 [Worker-11: Creating maven-archetype-quickstart] INFO  o.e.m.j.i.AbstractJavaProjectConfigurator - Adding source folder /cogmentoGiBash/src/main/java
2024-07-18 10:39:13,413 [Worker-11: Creating maven-archetype-quickstart] INFO  o.e.m.j.i.AbstractJavaProjectConfigurator - Adding resource folder /cogmentoGiBash/src/main/resources
2024-07-18 10:39:13,445 [Worker-11: Creating maven-archetype-quickstart] INFO  o.e.m.j.i.AbstractJavaProjectConfigurator - Adding source folder /cogmentoGiBash/src/test/java
2024-07-18 10:39:13,446 [Worker-11: Creating maven-archetype-quickstart] INFO  o.e.m.j.i.AbstractJavaProjectConfigurator - Adding resource folder /cogmentoGiBash/src/test/resources
2024-07-18 10:39:13,778 [Worker-11: Creating maven-archetype-quickstart] INFO  o.e.m.c.i.p.ProjectConfigurationManager - Imported and configured 1 project(s) in 3 sec
2024-07-18 10:39:15,109 [Worker-3: Building] INFO  o.a.m.s.f.DefaultMavenResourcesFiltering - skip non existing resourceDirectory E:\cogmento\cogmentoGiBash\src\main\resources
2024-07-18 10:39:15,114 [Worker-3: Building] INFO  o.a.m.s.f.DefaultMavenResourcesFiltering - skip non existing resourceDirectory E:\cogmento\cogmentoGiBash\src\test\resources
2024-07-18 10:39:23,571 [Worker-3: Building] INFO  o.a.m.s.f.DefaultMavenResourcesFiltering - skip non existing resourceDirectory E:\cogmento\cogmentoGiBash\src\main\resources
2024-07-18 10:39:23,575 [Worker-3: Building] INFO  o.a.m.s.f.DefaultMavenResourcesFiltering - skip non existing resourceDirectory E:\cogmento\cogmentoGiBash\src\test\resources
2024-07-18 10:39:29,477 [Worker-10: Building] INFO  o.a.m.s.f.DefaultMavenResourcesFiltering - skip non existing resourceDirectory E:\cogmento\cogmentoGiBash\src\main\resources
2024-07-18 10:39:29,481 [Worker-10: Building] INFO  o.a.m.s.f.DefaultMavenResourcesFiltering - skip non existing resourceDirectory E:\cogmento\cogmentoGiBash\src\test\resources
2024-07-18 10:39:47,480 [Worker-3: Building] INFO  o.a.m.s.f.DefaultMavenResourcesFiltering - Copying 0 resource from src\main\resources to target\classes
2024-07-18 10:39:47,484 [Worker-3: Building] INFO  o.a.m.s.f.DefaultMavenResourcesFiltering - Copying 0 resource from src\test\resources to target\test-classes
2024-07-18 10:44:50,961 [Worker-11: Building] INFO  o.e.m.c.i.l.LifecycleMappingFactory - Using org.eclipse.m2e.jdt.JarLifecycleMapping lifecycle mapping for MavenProject: com.cogmentoGiBash:cogmentoGiBash:0.0.1-SNAPSHOT @ E:\cogmento\cogmentoGiBash\pom.xml.
2024-07-18 10:44:51,488 [Worker-11: Building] INFO  o.e.m.c.i.e.AbstractTransferListenerAdapter - Downloading https://repo.maven.apache.org/maven2/io/cucumber/cucumber-testng/6.1.1/cucumber-testng-6.1.1.pom
2024-07-18 10:44:51,511 [Worker-11: Building] INFO  o.e.m.c.i.e.AbstractTransferListenerAdapter - Downloaded https://repo.maven.apache.org/maven2/io/cucumber/cucumber-testng/6.1.1/cucumber-testng-6.1.1.pom
2024-07-18 10:44:51,547 [Worker-11: Building] INFO  o.e.m.c.i.e.AbstractTransferListenerAdapter - Downloading https://repo.maven.apache.org/maven2/org/testng/testng/7.1.0/testng-7.1.0.pom
2024-07-18 10:44:51,557 [Worker-11: Building] INFO  o.e.m.c.i.e.AbstractTransferListenerAdapter - Downloaded https://repo.maven.apache.org/maven2/org/testng/testng/7.1.0/testng-7.1.0.pom
2024-07-18 10:44:51,590 [Worker-11: Building] INFO  o.e.m.c.i.e.AbstractTransferListenerAdapter - Downloading https://repo.maven.apache.org/maven2/com/beust/jcommander/1.72/jcommander-1.72.pom
2024-07-18 10:44:51,600 [Worker-11: Building] INFO  o.e.m.c.i.e.AbstractTransferListenerAdapter - Downloaded https://repo.maven.apache.org/maven2/com/beust/jcommander/1.72/jcommander-1.72.pom
2024-07-18 10:44:51,639 [Worker-11: Building] INFO  o.e.m.c.i.e.AbstractTransferListenerAdapter - Downloading https://repo.maven.apache.org/maven2/com/google/inject/guice/4.1.0/guice-4.1.0.pom
2024-07-18 10:44:51,675 [Worker-11: Building] INFO  o.e.m.c.i.e.AbstractTransferListenerAdapter - Downloaded https://repo.maven.apache.org/maven2/com/google/inject/guice/4.1.0/guice-4.1.0.pom
2024-07-18 10:44:51,720 [Worker-11: Building] INFO  o.e.m.c.i.e.AbstractTransferListenerAdapter - Downloading https://repo.maven.apache.org/maven2/com/google/inject/guice-parent/4.1.0/guice-parent-4.1.0.pom
2024-07-18 10:44:51,749 [Worker-11: Building] INFO  o.e.m.c.i.e.AbstractTransferListenerAdapter - Downloaded https://repo.maven.apache.org/maven2/com/google/inject/guice-parent/4.1.0/guice-parent-4.1.0.pom
2024-07-18 10:44:51,799 [Worker-11: Building] INFO  o.e.m.c.i.e.AbstractTransferListenerAdapter - Downloading https://repo.maven.apache.org/maven2/org/yaml/snakeyaml/1.21/snakeyaml-1.21.pom
2024-07-18 10:44:51,833 [Worker-11: Building] INFO  o.e.m.c.i.e.AbstractTransferListenerAdapter - Downloaded https://repo.maven.apache.org/maven2/org/yaml/snakeyaml/1.21/snakeyaml-1.21.pom
2024-07-18 10:44:52,025 [Worker-11: Building] INFO  o.e.m.c.i.e.AbstractTransferListenerAdapter - Downloading https://repo.maven.apache.org/maven2/io/cucumber/cucumber-testng/6.1.1/cucumber-testng-6.1.1.jar
2024-07-18 10:44:52,059 [Worker-11: Building] INFO  o.e.m.c.i.e.AbstractTransferListenerAdapter - Downloaded https://repo.maven.apache.org/maven2/io/cucumber/cucumber-testng/6.1.1/cucumber-testng-6.1.1.jar
2024-07-18 10:44:52,084 [BasicRepositoryConnector-repo.maven.apache.org-0-1] INFO  o.e.m.c.i.e.AbstractTransferListenerAdapter - Downloading https://repo.maven.apache.org/maven2/com/beust/jcommander/1.72/jcommander-1.72.jar
2024-07-18 10:44:52,177 [BasicRepositoryConnector-repo.maven.apache.org-0-2] INFO  o.e.m.c.i.e.AbstractTransferListenerAdapter - Downloading https://repo.maven.apache.org/maven2/com/google/inject/guice/4.1.0/guice-4.1.0-no_aop.jar
2024-07-18 10:44:52,185 [BasicRepositoryConnector-repo.maven.apache.org-0-3] INFO  o.e.m.c.i.e.AbstractTransferListenerAdapter - Downloading https://repo.maven.apache.org/maven2/org/yaml/snakeyaml/1.21/snakeyaml-1.21.jar
2024-07-18 10:44:52,202 [BasicRepositoryConnector-repo.maven.apache.org-0-0] INFO  o.e.m.c.i.e.AbstractTransferListenerAdapter - Downloading https://repo.maven.apache.org/maven2/org/testng/testng/7.1.0/testng-7.1.0.jar
2024-07-18 10:44:52,207 [BasicRepositoryConnector-repo.maven.apache.org-0-1] INFO  o.e.m.c.i.e.AbstractTransferListenerAdapter - Downloaded https://repo.maven.apache.org/maven2/com/beust/jcommander/1.72/jcommander-1.72.jar
2024-07-18 10:44:52,707 [BasicRepositoryConnector-repo.maven.apache.org-0-3] INFO  o.e.m.c.i.e.AbstractTransferListenerAdapter - Downloaded https://repo.maven.apache.org/maven2/org/yaml/snakeyaml/1.21/snakeyaml-1.21.jar
2024-07-18 10:44:52,931 [BasicRepositoryConnector-repo.maven.apache.org-0-0] INFO  o.e.m.c.i.e.AbstractTransferListenerAdapter - Downloaded https://repo.maven.apache.org/maven2/org/testng/testng/7.1.0/testng-7.1.0.jar
2024-07-18 10:44:53,099 [BasicRepositoryConnector-repo.maven.apache.org-0-2] INFO  o.e.m.c.i.e.AbstractTransferListenerAdapter - Downloaded https://repo.maven.apache.org/maven2/com/google/inject/guice/4.1.0/guice-4.1.0-no_aop.jar
2024-07-18 10:44:54,376 [Worker-11: Building] INFO  o.a.m.s.f.DefaultMavenResourcesFiltering - Copying 0 resource from src\main\resources to target\classes
2024-07-18 10:44:54,382 [Worker-11: Building] INFO  o.a.m.s.f.DefaultMavenResourcesFiltering - Copying 0 resource from src\test\resources to target\test-classes
2024-07-18 10:44:54,534 [Worker-5: Download sources and javadoc] INFO  o.e.m.c.i.e.AbstractTransferListenerAdapter - Downloading https://repo.maven.apache.org/maven2/io/cucumber/cucumber-testng/6.1.1/cucumber-testng-6.1.1-sources.jar
2024-07-18 10:44:54,586 [Worker-5: Download sources and javadoc] INFO  o.e.m.c.i.e.AbstractTransferListenerAdapter - Downloaded https://repo.maven.apache.org/maven2/io/cucumber/cucumber-testng/6.1.1/cucumber-testng-6.1.1-sources.jar
2024-07-18 10:44:54,600 [Worker-5: Download sources and javadoc] INFO  o.e.m.j.internal.DownloadSourcesJob - Downloaded sources for io.cucumber:cucumber-testng:6.1.1
2024-07-18 10:44:54,679 [Worker-5: Download sources and javadoc] INFO  o.e.m.c.i.e.AbstractTransferListenerAdapter - Downloading https://repo.maven.apache.org/maven2/org/testng/testng/7.1.0/testng-7.1.0-sources.jar
2024-07-18 10:44:55,897 [Worker-5: Download sources and javadoc] INFO  o.e.m.c.i.e.AbstractTransferListenerAdapter - Downloaded https://repo.maven.apache.org/maven2/org/testng/testng/7.1.0/testng-7.1.0-sources.jar
2024-07-18 10:44:55,904 [Worker-5: Download sources and javadoc] INFO  o.e.m.j.internal.DownloadSourcesJob - Downloaded sources for org.testng:testng:7.1.0
2024-07-18 10:44:55,974 [Worker-5: Download sources and javadoc] INFO  o.e.m.c.i.e.AbstractTransferListenerAdapter - Downloading https://repo.maven.apache.org/maven2/com/beust/jcommander/1.72/jcommander-1.72-sources.jar
2024-07-18 10:44:56,077 [Worker-5: Download sources and javadoc] INFO  o.e.m.c.i.e.AbstractTransferListenerAdapter - Downloaded https://repo.maven.apache.org/maven2/com/beust/jcommander/1.72/jcommander-1.72-sources.jar
2024-07-18 10:44:56,083 [Worker-5: Download sources and javadoc] INFO  o.e.m.j.internal.DownloadSourcesJob - Downloaded sources for com.beust:jcommander:1.72
2024-07-18 10:44:56,162 [Worker-5: Download sources and javadoc] INFO  o.e.m.c.i.e.AbstractTransferListenerAdapter - Downloading https://repo.maven.apache.org/maven2/com/google/inject/guice/4.1.0/guice-4.1.0-sources.jar
2024-07-18 10:44:56,181 [Worker-11: Building] INFO  o.a.m.s.f.DefaultMavenResourcesFiltering - Copying 0 resource from src\main\resources to target\classes
2024-07-18 10:44:56,185 [Worker-11: Building] INFO  o.a.m.s.f.DefaultMavenResourcesFiltering - Copying 0 resource from src\test\resources to target\test-classes
2024-07-18 10:44:56,612 [Worker-5: Download sources and javadoc] INFO  o.e.m.c.i.e.AbstractTransferListenerAdapter - Downloaded https://repo.maven.apache.org/maven2/com/google/inject/guice/4.1.0/guice-4.1.0-sources.jar
2024-07-18 10:44:56,620 [Worker-5: Download sources and javadoc] INFO  o.e.m.j.internal.DownloadSourcesJob - Downloaded sources for com.google.inject:guice:4.1.0no_aop
2024-07-18 10:44:56,713 [Worker-5: Download sources and javadoc] INFO  o.e.m.c.i.e.AbstractTransferListenerAdapter - Downloading https://repo.maven.apache.org/maven2/javax/inject/javax.inject/1/javax.inject-1-sources.jar
2024-07-18 10:44:56,910 [Worker-5: Download sources and javadoc] INFO  o.e.m.c.i.e.AbstractTransferListenerAdapter - Downloaded https://repo.maven.apache.org/maven2/javax/inject/javax.inject/1/javax.inject-1-sources.jar
2024-07-18 10:44:56,920 [Worker-5: Download sources and javadoc] INFO  o.e.m.j.internal.DownloadSourcesJob - Downloaded sources for javax.inject:javax.inject:1
2024-07-18 10:44:56,995 [Worker-5: Download sources and javadoc] INFO  o.e.m.c.i.e.AbstractTransferListenerAdapter - Downloading https://repo.maven.apache.org/maven2/aopalliance/aopalliance/1.0/aopalliance-1.0-sources.jar
2024-07-18 10:44:57,042 [Worker-5: Download sources and javadoc] INFO  o.e.m.c.i.e.AbstractTransferListenerAdapter - Downloaded https://repo.maven.apache.org/maven2/aopalliance/aopalliance/1.0/aopalliance-1.0-sources.jar
2024-07-18 10:44:57,057 [Worker-5: Download sources and javadoc] INFO  o.e.m.j.internal.DownloadSourcesJob - Downloaded sources for aopalliance:aopalliance:1.0
2024-07-18 10:44:57,136 [Worker-5: Download sources and javadoc] INFO  o.e.m.c.i.e.AbstractTransferListenerAdapter - Downloading https://repo.maven.apache.org/maven2/org/yaml/snakeyaml/1.21/snakeyaml-1.21-sources.jar
2024-07-18 10:44:57,520 [Worker-5: Download sources and javadoc] INFO  o.e.m.c.i.e.AbstractTransferListenerAdapter - Downloaded https://repo.maven.apache.org/maven2/org/yaml/snakeyaml/1.21/snakeyaml-1.21-sources.jar
2024-07-18 10:44:57,531 [Worker-5: Download sources and javadoc] INFO  o.e.m.j.internal.DownloadSourcesJob - Downloaded sources for org.yaml:snakeyaml:1.21
2024-07-18 10:45:10,390 [Worker-5: Building] INFO  o.a.m.s.f.DefaultMavenResourcesFiltering - Copying 0 resource from src\main\resources to target\classes
2024-07-18 10:45:10,394 [Worker-5: Building] INFO  o.a.m.s.f.DefaultMavenResourcesFiltering - Copying 0 resource from src\test\resources to target\test-classes
2024-07-18 10:45:28,406 [Worker-11: Building] INFO  o.a.m.s.f.DefaultMavenResourcesFiltering - Copying 0 resource from src\main\resources to target\classes
2024-07-18 10:45:28,413 [Worker-11: Building] INFO  o.a.m.s.f.DefaultMavenResourcesFiltering - Copying 0 resource from src\test\resources to target\test-classes
2024-07-18 10:45:43,653 [Worker-14: Building] INFO  o.a.m.s.f.DefaultMavenResourcesFiltering - Copying 0 resource from src\main\resources to target\classes
2024-07-18 10:45:43,704 [Worker-14: Building] INFO  o.a.m.s.f.DefaultMavenResourcesFiltering - Copying 0 resource from src\test\resources to target\test-classes
2024-07-18 10:46:04,486 [Worker-5: Building] INFO  o.a.m.s.f.DefaultMavenResourcesFiltering - Copying 0 resource from src\main\resources to target\classes
2024-07-18 10:46:04,492 [Worker-5: Building] INFO  o.a.m.s.f.DefaultMavenResourcesFiltering - Copying 0 resource from src\test\resources to target\test-classes
2024-07-18 10:46:26,248 [Worker-3: Building] INFO  o.a.m.s.f.DefaultMavenResourcesFiltering - Copying 0 resource from src\main\resources to target\classes
2024-07-18 10:46:26,252 [Worker-3: Building] INFO  o.a.m.s.f.DefaultMavenResourcesFiltering - Copying 0 resource from src\test\resources to target\test-classes
2024-07-18 10:46:54,651 [Worker-5: Building] INFO  o.a.m.s.f.DefaultMavenResourcesFiltering - Copying 0 resource from src\main\resources to target\classes
2024-07-18 10:46:54,655 [Worker-5: Building] INFO  o.a.m.s.f.DefaultMavenResourcesFiltering - Copying 0 resource from src\test\resources to target\test-classes
2024-07-18 10:47:37,333 [Worker-14: Building] INFO  o.a.m.s.f.DefaultMavenResourcesFiltering - Copying 0 resource from src\main\resources to target\classes
2024-07-18 10:47:37,336 [Worker-14: Building] INFO  o.a.m.s.f.DefaultMavenResourcesFiltering - Copying 0 resource from src\test\resources to target\test-classes
2024-07-18 10:49:37,285 [Worker-3: Building] INFO  o.a.m.s.f.DefaultMavenResourcesFiltering - Copying 0 resource from src\main\resources to target\classes
2024-07-18 10:49:37,288 [Worker-3: Building] INFO  o.a.m.s.f.DefaultMavenResourcesFiltering - Copying 0 resource from src\test\resources to target\test-classes
2024-07-18 11:20:44,432 [Worker-1: Loading available Gradle versions] INFO  o.e.b.c.i.u.g.PublishedGradleVersions - Gradle version information cache is up-to-date. Trying to read.
2024-07-18 11:34:55,359 [Worker-4: Building] INFO  o.a.m.s.f.DefaultMavenResourcesFiltering - Copying 0 resource from src\main\resources to target\classes
2024-07-18 11:34:55,368 [Worker-4: Building] INFO  o.a.m.s.f.DefaultMavenResourcesFiltering - Copying 0 resource from src\test\resources to target\test-classes
2024-07-18 11:35:07,504 [Worker-13: Building] INFO  o.a.m.s.f.DefaultMavenResourcesFiltering - Copying 0 resource from src\main\resources to target\classes
2024-07-18 11:35:07,509 [Worker-13: Building] INFO  o.a.m.s.f.DefaultMavenResourcesFiltering - Copying 0 resource from src\test\resources to target\test-classes
2024-07-18 11:35:33,463 [Worker-13: Building] INFO  o.a.m.s.f.DefaultMavenResourcesFiltering - Copying 0 resource from src\main\resources to target\classes
2024-07-18 11:35:33,471 [Worker-13: Building] INFO  o.a.m.s.f.DefaultMavenResourcesFiltering - Copying 0 resource from src\test\resources to target\test-classes
2024-07-18 11:37:15,131 [Worker-13: Launching feature.feature] INFO  o.a.m.s.f.DefaultMavenResourcesFiltering - Copying 0 resource from src\main\resources to target\classes
2024-07-18 11:37:15,138 [Worker-13: Launching feature.feature] INFO  o.a.m.s.f.DefaultMavenResourcesFiltering - Copying 0 resource from src\test\resources to target\test-classes
2024-07-18 12:00:15,169 [Worker-12: Building] INFO  o.a.m.s.f.DefaultMavenResourcesFiltering - Copying 0 resource from src\main\resources to target\classes
2024-07-18 12:00:15,173 [Worker-12: Building] INFO  o.a.m.s.f.DefaultMavenResourcesFiltering - Copying 0 resource from src\test\resources to target\test-classes
2024-07-18 12:00:17,805 [Worker-14: Building] INFO  o.a.m.s.f.DefaultMavenResourcesFiltering - Copying 0 resource from src\main\resources to target\classes
2024-07-18 12:00:17,812 [Worker-14: Building] INFO  o.a.m.s.f.DefaultMavenResourcesFiltering - Copying 0 resource from src\test\resources to target\test-classes
2024-07-18 12:00:20,068 [Worker-17: Building] INFO  o.a.m.s.f.DefaultMavenResourcesFiltering - Copying 0 resource from src\main\resources to target\classes
2024-07-18 12:00:20,072 [Worker-17: Building] INFO  o.a.m.s.f.DefaultMavenResourcesFiltering - Copying 0 resource from src\test\resources to target\test-classes
2024-07-18 12:00:23,593 [Worker-14: Building] INFO  o.a.m.s.f.DefaultMavenResourcesFiltering - Copying 0 resource from src\main\resources to target\classes
2024-07-18 12:00:23,597 [Worker-14: Building] INFO  o.a.m.s.f.DefaultMavenResourcesFiltering - Copying 0 resource from src\test\resources to target\test-classes
2024-07-18 12:03:12,646 [Worker-20: Building] INFO  o.a.m.s.f.DefaultMavenResourcesFiltering - Copying 0 resource from src\main\resources to target\classes
2024-07-18 12:03:12,651 [Worker-20: Building] INFO  o.a.m.s.f.DefaultMavenResourcesFiltering - Copying 0 resource from src\test\resources to target\test-classes
2024-07-18 12:04:37,291 [Worker-12: Building] INFO  o.a.m.s.f.DefaultMavenResourcesFiltering - Copying 0 resource from src\main\resources to target\classes
2024-07-18 12:04:37,295 [Worker-12: Building] INFO  o.a.m.s.f.DefaultMavenResourcesFiltering - Copying 0 resource from src\test\resources to target\test-classes
2024-07-18 12:05:07,299 [Worker-12: Building] INFO  o.a.m.s.f.DefaultMavenResourcesFiltering - Copying 0 resource from src\main\resources to target\classes
2024-07-18 12:05:07,306 [Worker-12: Building] INFO  o.a.m.s.f.DefaultMavenResourcesFiltering - Copying 0 resource from src\test\resources to target\test-classes
2024-07-18 12:07:07,035 [Worker-17: Building] INFO  o.a.m.s.f.DefaultMavenResourcesFiltering - Copying 0 resource from src\main\resources to target\classes
2024-07-18 12:07:07,038 [Worker-17: Building] INFO  o.a.m.s.f.DefaultMavenResourcesFiltering - Copying 0 resource from src\test\resources to target\test-classes
2024-07-18 12:10:51,116 [Worker-17: Building] INFO  o.a.m.s.f.DefaultMavenResourcesFiltering - Copying 0 resource from src\main\resources to target\classes
2024-07-18 12:10:51,120 [Worker-17: Building] INFO  o.a.m.s.f.DefaultMavenResourcesFiltering - Copying 0 resource from src\test\resources to target\test-classes
2024-07-18 12:11:21,181 [Worker-17: Building] INFO  o.a.m.s.f.DefaultMavenResourcesFiltering - Copying 0 resource from src\main\resources to target\classes
2024-07-18 12:11:21,185 [Worker-17: Building] INFO  o.a.m.s.f.DefaultMavenResourcesFiltering - Copying 0 resource from src\test\resources to target\test-classes
2024-07-18 12:12:27,658 [Worker-17: Launching feature.feature] INFO  o.a.m.s.f.DefaultMavenResourcesFiltering - Copying 0 resource from src\main\resources to target\classes
2024-07-18 12:12:27,663 [Worker-17: Launching feature.feature] INFO  o.a.m.s.f.DefaultMavenResourcesFiltering - Copying 0 resource from src\test\resources to target\test-classes
2024-07-18 12:14:54,245 [Worker-17: Building] INFO  o.a.m.s.f.DefaultMavenResourcesFiltering - Copying 0 resource from src\main\resources to target\classes
2024-07-18 12:14:54,250 [Worker-17: Building] INFO  o.a.m.s.f.DefaultMavenResourcesFiltering - Copying 0 resource from src\test\resources to target\test-classes
2024-07-18 12:15:28,387 [Worker-23: Building] INFO  o.a.m.s.f.DefaultMavenResourcesFiltering - Copying 0 resource from src\main\resources to target\classes
2024-07-18 12:15:28,390 [Worker-23: Building] INFO  o.a.m.s.f.DefaultMavenResourcesFiltering - Copying 0 resource from src\test\resources to target\test-classes
